
The following have been reloaded with a version change:
  1) dcm2niix/v1.0.20211006 => dcm2niix/v1.0.20220720


------------------------------------------------------------
BIDSKIT 2022.10.13
------------------------------------------------------------

Check dcm2nixx version
dcm2niix v1.0.20220720 detected - ok

Initializing BIDS dataset directory tree in /projects/b1108/studies/transitions/data/raw/neuroimaging/bids
Creating file templates required for BIDS compliance
Copying /home/sir8526/.local/lib/python3.8/site-packages/bidskit/templates/README.md to /projects/b1108/studies/transitions/data/raw/neuroimaging/bids/README.md
* {tpl_pname} not found - check installation folder permissions
Copying /home/sir8526/.local/lib/python3.8/site-packages/bidskit/templates/CHANGES to /projects/b1108/studies/transitions/data/raw/neuroimaging/bids/CHANGES
Copying /home/sir8526/.local/lib/python3.8/site-packages/bidskit/templates/dataset_description.json to /projects/b1108/studies/transitions/data/raw/neuroimaging/bids/dataset_description.json
Copying /home/sir8526/.local/lib/python3.8/site-packages/bidskit/templates/participants.json to /projects/b1108/studies/transitions/data/raw/neuroimaging/bids/participants.json
Copying /home/sir8526/.local/lib/python3.8/site-packages/bidskit/templates/bidsignore to /projects/b1108/studies/transitions/data/raw/neuroimaging/bids/.bidsignore

Subjects to convert        : All
Source data directory      : /projects/b1108/studies/transitions/data/raw/neuroimaging/bids/sourcedata
Working Directory          : /projects/b1108/studies/transitions/data/raw/neuroimaging/bids/work/bidskit
Use Session Directories    : Yes
Overwrite Existing Files   : No
Anonymize BIDS Output      : Yes
Auto translate             : No
Bind fieldmaps             : No
GZIP compression           : o
Recon filename key         : False
Part filename key          : False
Echo filename key          : False

------------------------------------------------------------
Pass 2 : Populating BIDS directory
------------------------------------------------------------
  Creating subject list from sourcedata contents
  Found 7 subjects in sourcedata folder

------------------------------------------------------------
Processing subject t1125
------------------------------------------------------------
  Processing session 1
  Working subject directory : /projects/b1108/studies/transitions/data/raw/neuroimaging/bids/work/bidskit/sub-t1125
  Working session directory : /projects/b1108/studies/transitions/data/raw/neuroimaging/bids/work/bidskit/sub-t1125/ses-1
  BIDS subject directory  : /projects/b1108/studies/transitions/data/raw/neuroimaging/bids/sub-t1125
  BIDS session directory  : /projects/b1108/studies/transitions/data/raw/neuroimaging/bids/sub-t1125/ses-1
  Sorting series by acquisition time
* Excluding protocol loc
* Excluding protocol loc
* Excluding protocol loc
* Excluding protocol Calibration_2D_40_slice
  Organizing T1w
    Gradient echo detected
  Populating BIDS source directory
    Preserving previous sub-t1125_ses-1_T1w.nii.gz
    Preserving previous sub-t1125_ses-1_T1w.json
  Organizing FMAP1
    Identifying fieldmap image type
    Gradient echo fieldmap detected
    Identifying magnitude and phase images
* GRE Fieldmap Echo 2 image missing - skipping
  Populating BIDS source directory
    Preserving previous sub-t1125_ses-1_magnitude1.nii.gz
    Preserving previous sub-t1125_ses-1_magnitude1.json
  Organizing FMAP1
    Identifying fieldmap image type
    Gradient echo fieldmap detected
    Identifying magnitude and phase images
* GRE Fieldmap Echo 2 image missing - skipping
  Populating BIDS source directory
    Preserving previous sub-t1125_ses-1_magnitude1.nii.gz
    Preserving previous sub-t1125_ses-1_magnitude1.json
  Organizing FMAP2
    Identifying fieldmap image type
    Gradient echo fieldmap detected
    Identifying magnitude and phase images
* GRE Fieldmap Echo 2 image missing - skipping
  Populating BIDS source directory
    Preserving previous sub-t1125_ses-1_magnitude2.nii.gz
    Preserving previous sub-t1125_ses-1_magnitude2.json
  Organizing FMAP2
    Identifying fieldmap image type
    Gradient echo fieldmap detected
    Identifying magnitude and phase images
* GRE Fieldmap Echo 2 image missing - skipping
  Populating BIDS source directory
    Preserving previous sub-t1125_ses-1_magnitude2.nii.gz
    Preserving previous sub-t1125_ses-1_magnitude2.json
  Organizing REST1
  * BIDS suffix already contains run number - skipping
    EPI detected
  Preserving previous sub-t1125_ses-1_task-rest_run-01_events.tsv
  Populating BIDS source directory
    Preserving previous sub-t1125_ses-1_task-rest_run-01_bold.nii.gz
    Preserving previous sub-t1125_ses-1_task-rest_run-01_bold.json
  Organizing REST2
  * BIDS suffix already contains run number - skipping
    EPI detected
  Preserving previous sub-t1125_ses-1_task-rest_run-02_events.tsv
  Populating BIDS source directory
    Preserving previous sub-t1125_ses-1_task-rest_run-02_bold.nii.gz
    Preserving previous sub-t1125_ses-1_task-rest_run-02_bold.json
  Organizing MID1
  * BIDS suffix already contains run number - skipping
    EPI detected
  Preserving previous sub-t1125_ses-1_task-mid_run-01_events.tsv
  Populating BIDS source directory
    Preserving previous sub-t1125_ses-1_task-mid_run-01_bold.nii.gz
    Preserving previous sub-t1125_ses-1_task-mid_run-01_bold.json
  Organizing MID2
  * BIDS suffix already contains run number - skipping
    EPI detected
  Preserving previous sub-t1125_ses-1_task-mid_run-02_events.tsv
  Populating BIDS source directory
    Preserving previous sub-t1125_ses-1_task-mid_run-02_bold.nii.gz
    Preserving previous sub-t1125_ses-1_task-mid_run-02_bold.json
  Organizing REST3
  * BIDS suffix already contains run number - skipping
    EPI detected
  Preserving previous sub-t1125_ses-1_task-rest_run-03_events.tsv
  Populating BIDS source directory
    Preserving previous sub-t1125_ses-1_task-rest_run-03_bold.nii.gz
    Preserving previous sub-t1125_ses-1_task-rest_run-03_bold.json
  Organizing REST4
  * BIDS suffix already contains run number - skipping
    EPI detected
  Preserving previous sub-t1125_ses-1_task-rest_run-04_events.tsv
  Populating BIDS source directory
    Preserving previous sub-t1125_ses-1_task-rest_run-04_bold.nii.gz
    Preserving previous sub-t1125_ses-1_task-rest_run-04_bold.json
  Preserving conversion directory

------------------------------------------------------------
Processing subject t1133
------------------------------------------------------------
  Processing session 1
  Working subject directory : /projects/b1108/studies/transitions/data/raw/neuroimaging/bids/work/bidskit/sub-t1133
  Working session directory : /projects/b1108/studies/transitions/data/raw/neuroimaging/bids/work/bidskit/sub-t1133/ses-1
  BIDS subject directory  : /projects/b1108/studies/transitions/data/raw/neuroimaging/bids/sub-t1133
  BIDS session directory  : /projects/b1108/studies/transitions/data/raw/neuroimaging/bids/sub-t1133/ses-1
  Sorting series by acquisition time
  Preserving conversion directory

------------------------------------------------------------
Processing subject t1131
------------------------------------------------------------
  Processing session 1
  Working subject directory : /projects/b1108/studies/transitions/data/raw/neuroimaging/bids/work/bidskit/sub-t1131
  Working session directory : /projects/b1108/studies/transitions/data/raw/neuroimaging/bids/work/bidskit/sub-t1131/ses-1
  BIDS subject directory  : /projects/b1108/studies/transitions/data/raw/neuroimaging/bids/sub-t1131
  BIDS session directory  : /projects/b1108/studies/transitions/data/raw/neuroimaging/bids/sub-t1131/ses-1
  Sorting series by acquisition time
* Excluding protocol loc
* Excluding protocol loc
* Excluding protocol loc
* Excluding protocol loc
* Excluding protocol loc
* Excluding protocol loc
* Excluding protocol Calibration_2D_40_slice
  Organizing T1w
    Gradient echo detected
  Populating BIDS source directory
    Preserving previous sub-t1131_ses-1_T1w.nii.gz
    Preserving previous sub-t1131_ses-1_T1w.json
  Organizing FMAP1
    Identifying fieldmap image type
    Gradient echo fieldmap detected
    Identifying magnitude and phase images
* GRE Fieldmap Echo 2 image missing - skipping
  Populating BIDS source directory
    Preserving previous sub-t1131_ses-1_magnitude1.nii.gz
    Preserving previous sub-t1131_ses-1_magnitude1.json
  Organizing FMAP1
    Identifying fieldmap image type
    Gradient echo fieldmap detected
    Identifying magnitude and phase images
* GRE Fieldmap Echo 2 image missing - skipping
  Populating BIDS source directory
    Preserving previous sub-t1131_ses-1_magnitude1.nii.gz
    Preserving previous sub-t1131_ses-1_magnitude1.json
  Organizing FMAP2
    Identifying fieldmap image type
    Gradient echo fieldmap detected
    Identifying magnitude and phase images
* GRE Fieldmap Echo 2 image missing - skipping
  Populating BIDS source directory
    Preserving previous sub-t1131_ses-1_magnitude2.nii.gz
    Preserving previous sub-t1131_ses-1_magnitude2.json
  Organizing FMAP2
    Identifying fieldmap image type
    Gradient echo fieldmap detected
    Identifying magnitude and phase images
* GRE Fieldmap Echo 2 image missing - skipping
  Populating BIDS source directory
    Preserving previous sub-t1131_ses-1_magnitude2.nii.gz
    Preserving previous sub-t1131_ses-1_magnitude2.json
  Organizing REST1
  * BIDS suffix already contains run number - skipping
    EPI detected
  Preserving previous sub-t1131_ses-1_task-rest_run-01_events.tsv
  Populating BIDS source directory
    Preserving previous sub-t1131_ses-1_task-rest_run-01_bold.nii.gz
    Preserving previous sub-t1131_ses-1_task-rest_run-01_bold.json
  Organizing REST2
  * BIDS suffix already contains run number - skipping
    EPI detected
  Preserving previous sub-t1131_ses-1_task-rest_run-02_events.tsv
  Populating BIDS source directory
    Preserving previous sub-t1131_ses-1_task-rest_run-02_bold.nii.gz
    Preserving previous sub-t1131_ses-1_task-rest_run-02_bold.json
  Organizing MID1
  * BIDS suffix already contains run number - skipping
    EPI detected
  Preserving previous sub-t1131_ses-1_task-mid_run-01_events.tsv
  Populating BIDS source directory
    Preserving previous sub-t1131_ses-1_task-mid_run-01_bold.nii.gz
    Preserving previous sub-t1131_ses-1_task-mid_run-01_bold.json
  Organizing MID2
  * BIDS suffix already contains run number - skipping
    EPI detected
  Preserving previous sub-t1131_ses-1_task-mid_run-02_events.tsv
  Populating BIDS source directory
    Preserving previous sub-t1131_ses-1_task-mid_run-02_bold.nii.gz
    Preserving previous sub-t1131_ses-1_task-mid_run-02_bold.json
  Organizing REST3
  * BIDS suffix already contains run number - skipping
    EPI detected
  Preserving previous sub-t1131_ses-1_task-rest_run-03_events.tsv
  Populating BIDS source directory
    Preserving previous sub-t1131_ses-1_task-rest_run-03_bold.nii.gz
    Preserving previous sub-t1131_ses-1_task-rest_run-03_bold.json
  Organizing REST4
  * BIDS suffix already contains run number - skipping
    EPI detected
  Preserving previous sub-t1131_ses-1_task-rest_run-04_events.tsv
  Populating BIDS source directory
    Preserving previous sub-t1131_ses-1_task-rest_run-04_bold.nii.gz
    Preserving previous sub-t1131_ses-1_task-rest_run-04_bold.json
  Preserving conversion directory

------------------------------------------------------------
Processing subject t1130
------------------------------------------------------------
  Processing session 1
  Working subject directory : /projects/b1108/studies/transitions/data/raw/neuroimaging/bids/work/bidskit/sub-t1130
  Working session directory : /projects/b1108/studies/transitions/data/raw/neuroimaging/bids/work/bidskit/sub-t1130/ses-1
  BIDS subject directory  : /projects/b1108/studies/transitions/data/raw/neuroimaging/bids/sub-t1130
  BIDS session directory  : /projects/b1108/studies/transitions/data/raw/neuroimaging/bids/sub-t1130/ses-1
  Sorting series by acquisition time
* Excluding protocol loc
* Excluding protocol loc
* Excluding protocol loc
* Excluding protocol Calibration_2D_40_slice
  Organizing T1w
    Gradient echo detected
  Populating BIDS source directory
    Preserving previous sub-t1130_ses-1_T1w.nii.gz
    Preserving previous sub-t1130_ses-1_T1w.json
  Organizing FMAP1
    Identifying fieldmap image type
    Gradient echo fieldmap detected
    Identifying magnitude and phase images
* GRE Fieldmap Echo 2 image missing - skipping
  Populating BIDS source directory
    Preserving previous sub-t1130_ses-1_magnitude1.nii.gz
    Preserving previous sub-t1130_ses-1_magnitude1.json
  Organizing FMAP1
    Identifying fieldmap image type
    Gradient echo fieldmap detected
    Identifying magnitude and phase images
* GRE Fieldmap Echo 2 image missing - skipping
  Populating BIDS source directory
    Preserving previous sub-t1130_ses-1_magnitude1.nii.gz
    Preserving previous sub-t1130_ses-1_magnitude1.json
  Organizing FMAP2
    Identifying fieldmap image type
    Gradient echo fieldmap detected
    Identifying magnitude and phase images
* GRE Fieldmap Echo 2 image missing - skipping
  Populating BIDS source directory
    Preserving previous sub-t1130_ses-1_magnitude2.nii.gz
    Preserving previous sub-t1130_ses-1_magnitude2.json
  Organizing FMAP2
    Identifying fieldmap image type
    Gradient echo fieldmap detected
    Identifying magnitude and phase images
* GRE Fieldmap Echo 2 image missing - skipping
  Populating BIDS source directory
    Preserving previous sub-t1130_ses-1_magnitude2.nii.gz
    Preserving previous sub-t1130_ses-1_magnitude2.json
  Organizing REST1
  * BIDS suffix already contains run number - skipping
    EPI detected
  Preserving previous sub-t1130_ses-1_task-rest_run-01_events.tsv
  Populating BIDS source directory
    Preserving previous sub-t1130_ses-1_task-rest_run-01_bold.nii.gz
    Preserving previous sub-t1130_ses-1_task-rest_run-01_bold.json
  Organizing REST2
  * BIDS suffix already contains run number - skipping
    EPI detected
  Preserving previous sub-t1130_ses-1_task-rest_run-02_events.tsv
  Populating BIDS source directory
    Preserving previous sub-t1130_ses-1_task-rest_run-02_bold.nii.gz
    Preserving previous sub-t1130_ses-1_task-rest_run-02_bold.json
  Organizing MID1
  * BIDS suffix already contains run number - skipping
    EPI detected
  Preserving previous sub-t1130_ses-1_task-mid_run-01_events.tsv
  Populating BIDS source directory
    Preserving previous sub-t1130_ses-1_task-mid_run-01_bold.nii.gz
    Preserving previous sub-t1130_ses-1_task-mid_run-01_bold.json
  Organizing MID2
  * BIDS suffix already contains run number - skipping
    EPI detected
  Preserving previous sub-t1130_ses-1_task-mid_run-02_events.tsv
  Populating BIDS source directory
    Preserving previous sub-t1130_ses-1_task-mid_run-02_bold.nii.gz
    Preserving previous sub-t1130_ses-1_task-mid_run-02_bold.json
  Organizing REST3
  * BIDS suffix already contains run number - skipping
    EPI detected
  Preserving previous sub-t1130_ses-1_task-rest_run-03_events.tsv
  Populating BIDS source directory
    Preserving previous sub-t1130_ses-1_task-rest_run-03_bold.nii.gz
    Preserving previous sub-t1130_ses-1_task-rest_run-03_bold.json
  Organizing REST4
  * BIDS suffix already contains run number - skipping
    EPI detected
  Preserving previous sub-t1130_ses-1_task-rest_run-04_events.tsv
  Populating BIDS source directory
    Preserving previous sub-t1130_ses-1_task-rest_run-04_bold.nii.gz
    Preserving previous sub-t1130_ses-1_task-rest_run-04_bold.json
  Preserving conversion directory

------------------------------------------------------------
Processing subject t1117
------------------------------------------------------------
  Processing session 1
  Working subject directory : /projects/b1108/studies/transitions/data/raw/neuroimaging/bids/work/bidskit/sub-t1117
  Working session directory : /projects/b1108/studies/transitions/data/raw/neuroimaging/bids/work/bidskit/sub-t1117/ses-1
  BIDS subject directory  : /projects/b1108/studies/transitions/data/raw/neuroimaging/bids/sub-t1117
  BIDS session directory  : /projects/b1108/studies/transitions/data/raw/neuroimaging/bids/sub-t1117/ses-1
  Sorting series by acquisition time
* Excluding protocol loc
* Excluding protocol loc
* Excluding protocol loc
* Excluding protocol loc
* Excluding protocol loc
* Excluding protocol loc
* Excluding protocol Calibration_2D_40_slice
  Organizing T1w
    Gradient echo detected
  Populating BIDS source directory
    Preserving previous sub-t1117_ses-1_T1w.nii.gz
    Preserving previous sub-t1117_ses-1_T1w.json
  Organizing FMAP1
    Identifying fieldmap image type
    Gradient echo fieldmap detected
    Identifying magnitude and phase images
* GRE Fieldmap Echo 2 image missing - skipping
  Populating BIDS source directory
    Preserving previous sub-t1117_ses-1_magnitude1.nii.gz
    Preserving previous sub-t1117_ses-1_magnitude1.json
  Organizing FMAP1
    Identifying fieldmap image type
    Gradient echo fieldmap detected
    Identifying magnitude and phase images
* GRE Fieldmap Echo 2 image missing - skipping
  Populating BIDS source directory
    Preserving previous sub-t1117_ses-1_magnitude1.nii.gz
    Preserving previous sub-t1117_ses-1_magnitude1.json
  Organizing FMAP2
    Identifying fieldmap image type
    Gradient echo fieldmap detected
    Identifying magnitude and phase images
* GRE Fieldmap Echo 2 image missing - skipping
  Populating BIDS source directory
    Preserving previous sub-t1117_ses-1_magnitude2.nii.gz
    Preserving previous sub-t1117_ses-1_magnitude2.json
  Organizing FMAP2
    Identifying fieldmap image type
    Gradient echo fieldmap detected
    Identifying magnitude and phase images
* GRE Fieldmap Echo 2 image missing - skipping
  Populating BIDS source directory
    Preserving previous sub-t1117_ses-1_magnitude2.nii.gz
    Preserving previous sub-t1117_ses-1_magnitude2.json
  Organizing REST1
  * BIDS suffix already contains run number - skipping
    EPI detected
  Creating /projects/b1108/studies/transitions/data/raw/neuroimaging/bids/sub-t1117/ses-1/func/sub-t1117_ses-1_task-rest_run-01_events.tsv
  Populating BIDS source directory
    Preserving previous sub-t1117_ses-1_task-rest_run-01_bold.nii.gz
    Preserving previous sub-t1117_ses-1_task-rest_run-01_bold.json
  Organizing REST2
  * BIDS suffix already contains run number - skipping
    EPI detected
  Creating /projects/b1108/studies/transitions/data/raw/neuroimaging/bids/sub-t1117/ses-1/func/sub-t1117_ses-1_task-rest_run-02_events.tsv
  Populating BIDS source directory
    Preserving previous sub-t1117_ses-1_task-rest_run-02_bold.nii.gz
    Preserving previous sub-t1117_ses-1_task-rest_run-02_bold.json
  Organizing MID1
  * BIDS suffix already contains run number - skipping
    EPI detected
  Creating /projects/b1108/studies/transitions/data/raw/neuroimaging/bids/sub-t1117/ses-1/func/sub-t1117_ses-1_task-mid_run-01_events.tsv
  Populating BIDS source directory
    Preserving previous sub-t1117_ses-1_task-mid_run-01_bold.nii.gz
    Preserving previous sub-t1117_ses-1_task-mid_run-01_bold.json
  Organizing MID2
  * BIDS suffix already contains run number - skipping
    EPI detected
  Creating /projects/b1108/studies/transitions/data/raw/neuroimaging/bids/sub-t1117/ses-1/func/sub-t1117_ses-1_task-mid_run-02_events.tsv
  Populating BIDS source directory
    Preserving previous sub-t1117_ses-1_task-mid_run-02_bold.nii.gz
    Preserving previous sub-t1117_ses-1_task-mid_run-02_bold.json
  Organizing REST3
  * BIDS suffix already contains run number - skipping
    EPI detected
  Creating /projects/b1108/studies/transitions/data/raw/neuroimaging/bids/sub-t1117/ses-1/func/sub-t1117_ses-1_task-rest_run-03_events.tsv
  Populating BIDS source directory
    Preserving previous sub-t1117_ses-1_task-rest_run-03_bold.nii.gz
    Preserving previous sub-t1117_ses-1_task-rest_run-03_bold.json
  Organizing REST4
  * BIDS suffix already contains run number - skipping
    EPI detected
  Creating /projects/b1108/studies/transitions/data/raw/neuroimaging/bids/sub-t1117/ses-1/func/sub-t1117_ses-1_task-rest_run-04_events.tsv
  Populating BIDS source directory
    Preserving previous sub-t1117_ses-1_task-rest_run-04_bold.nii.gz
    Preserving previous sub-t1117_ses-1_task-rest_run-04_bold.json
  Preserving conversion directory

------------------------------------------------------------
Processing subject t1114
------------------------------------------------------------
  Processing session 1
  Working subject directory : /projects/b1108/studies/transitions/data/raw/neuroimaging/bids/work/bidskit/sub-t1114
  Working session directory : /projects/b1108/studies/transitions/data/raw/neuroimaging/bids/work/bidskit/sub-t1114/ses-1
  BIDS subject directory  : /projects/b1108/studies/transitions/data/raw/neuroimaging/bids/sub-t1114
  BIDS session directory  : /projects/b1108/studies/transitions/data/raw/neuroimaging/bids/sub-t1114/ses-1
  Sorting series by acquisition time
* Excluding protocol loc
* Excluding protocol loc
* Excluding protocol loc
* Excluding protocol Calibration_2D_40_slice
  Organizing T1w
    Gradient echo detected
  Populating BIDS source directory
    Preserving previous sub-t1114_ses-1_T1w.nii.gz
    Preserving previous sub-t1114_ses-1_T1w.json
  Organizing FMAP1
    Identifying fieldmap image type
    Gradient echo fieldmap detected
    Identifying magnitude and phase images
* GRE Fieldmap Echo 2 image missing - skipping
  Populating BIDS source directory
    Preserving previous sub-t1114_ses-1_magnitude1.nii.gz
    Preserving previous sub-t1114_ses-1_magnitude1.json
  Organizing FMAP1
    Identifying fieldmap image type
    Gradient echo fieldmap detected
    Identifying magnitude and phase images
* GRE Fieldmap Echo 2 image missing - skipping
  Populating BIDS source directory
    Preserving previous sub-t1114_ses-1_magnitude1.nii.gz
    Preserving previous sub-t1114_ses-1_magnitude1.json
  Organizing FMAP2
    Identifying fieldmap image type
    Gradient echo fieldmap detected
    Identifying magnitude and phase images
* GRE Fieldmap Echo 2 image missing - skipping
  Populating BIDS source directory
    Preserving previous sub-t1114_ses-1_magnitude2.nii.gz
    Preserving previous sub-t1114_ses-1_magnitude2.json
  Organizing FMAP2
    Identifying fieldmap image type
    Gradient echo fieldmap detected
    Identifying magnitude and phase images
* GRE Fieldmap Echo 2 image missing - skipping
  Populating BIDS source directory
    Preserving previous sub-t1114_ses-1_magnitude2.nii.gz
    Preserving previous sub-t1114_ses-1_magnitude2.json
  Organizing REST1
  * BIDS suffix already contains run number - skipping
    EPI detected
  Creating /projects/b1108/studies/transitions/data/raw/neuroimaging/bids/sub-t1114/ses-1/func/sub-t1114_ses-1_task-rest_run-01_events.tsv
  Populating BIDS source directory
    Preserving previous sub-t1114_ses-1_task-rest_run-01_bold.nii.gz
    Preserving previous sub-t1114_ses-1_task-rest_run-01_bold.json
  Organizing REST2
  * BIDS suffix already contains run number - skipping
    EPI detected
  Creating /projects/b1108/studies/transitions/data/raw/neuroimaging/bids/sub-t1114/ses-1/func/sub-t1114_ses-1_task-rest_run-02_events.tsv
  Populating BIDS source directory
    Preserving previous sub-t1114_ses-1_task-rest_run-02_bold.nii.gz
    Preserving previous sub-t1114_ses-1_task-rest_run-02_bold.json
  Organizing MID1
  * BIDS suffix already contains run number - skipping
    EPI detected
  Creating /projects/b1108/studies/transitions/data/raw/neuroimaging/bids/sub-t1114/ses-1/func/sub-t1114_ses-1_task-mid_run-01_events.tsv
  Populating BIDS source directory
    Preserving previous sub-t1114_ses-1_task-mid_run-01_bold.nii.gz
    Preserving previous sub-t1114_ses-1_task-mid_run-01_bold.json
  Organizing MID2
  * BIDS suffix already contains run number - skipping
    EPI detected
  Creating /projects/b1108/studies/transitions/data/raw/neuroimaging/bids/sub-t1114/ses-1/func/sub-t1114_ses-1_task-mid_run-02_events.tsv
  Populating BIDS source directory
    Preserving previous sub-t1114_ses-1_task-mid_run-02_bold.nii.gz
    Preserving previous sub-t1114_ses-1_task-mid_run-02_bold.json
  Organizing REST3
  * BIDS suffix already contains run number - skipping
    EPI detected
  Creating /projects/b1108/studies/transitions/data/raw/neuroimaging/bids/sub-t1114/ses-1/func/sub-t1114_ses-1_task-rest_run-03_events.tsv
  Populating BIDS source directory
    Preserving previous sub-t1114_ses-1_task-rest_run-03_bold.nii.gz
    Preserving previous sub-t1114_ses-1_task-rest_run-03_bold.json
  Organizing REST4
  * BIDS suffix already contains run number - skipping
    EPI detected
  Creating /projects/b1108/studies/transitions/data/raw/neuroimaging/bids/sub-t1114/ses-1/func/sub-t1114_ses-1_task-rest_run-04_events.tsv
  Populating BIDS source directory
    Preserving previous sub-t1114_ses-1_task-rest_run-04_bold.nii.gz
    Preserving previous sub-t1114_ses-1_task-rest_run-04_bold.json
  Preserving conversion directory

------------------------------------------------------------
Processing subject t1123
------------------------------------------------------------
  Processing session 1
  Working subject directory : /projects/b1108/studies/transitions/data/raw/neuroimaging/bids/work/bidskit/sub-t1123
  Working session directory : /projects/b1108/studies/transitions/data/raw/neuroimaging/bids/work/bidskit/sub-t1123/ses-1
  BIDS subject directory  : /projects/b1108/studies/transitions/data/raw/neuroimaging/bids/sub-t1123
  BIDS session directory  : /projects/b1108/studies/transitions/data/raw/neuroimaging/bids/sub-t1123/ses-1
  Sorting series by acquisition time
  Preserving conversion directory

Subject directories to prune:  /projects/b1108/studies/transitions/data/raw/neuroimaging/bids/sub-t1125, /projects/b1108/studies/transitions/data/raw/neuroimaging/bids/sub-t1133, /projects/b1108/studies/transitions/data/raw/neuroimaging/bids/sub-t1131, /projects/b1108/studies/transitions/data/raw/neuroimaging/bids/sub-t1130, /projects/b1108/studies/transitions/data/raw/neuroimaging/bids/sub-t1117, /projects/b1108/studies/transitions/data/raw/neuroimaging/bids/sub-t1114, /projects/b1108/studies/transitions/data/raw/neuroimaging/bids/sub-t1123

* Optional external bids-validator not found
* Please see https://github.com/jmtyszka/bidskit/blob/master/docs/Installation.md
* for more information
slurmstepd: error: *** JOB 4234666 ON qnode8125 CANCELLED AT 2023-02-21T14:05:36 DUE TO TIME LIMIT ***
slurmstepd: error: *** JOB 4240697 ON qnode8108 CANCELLED AT 2023-02-21T15:25:43 DUE TO TIME LIMIT ***
